[debug] [2023-05-06T16:42:03.785Z] ----------------------------------------------------------------------
[debug] [2023-05-06T16:42:03.788Z] Command:       C:\Program Files\nodejs\node.exe C:\Program Files\nodejs\node_modules\firebase-tools\lib\bin\firebase.js init
[debug] [2023-05-06T16:42:03.789Z] CLI Version:   11.30.0
[debug] [2023-05-06T16:42:03.789Z] Platform:      win32
[debug] [2023-05-06T16:42:03.789Z] Node Version:  v19.7.0
[debug] [2023-05-06T16:42:03.789Z] Time:          Sat May 06 2023 22:12:03 GMT+0530 (India Standard Time)
[debug] [2023-05-06T16:42:03.789Z] ----------------------------------------------------------------------
[debug] 
[debug] [2023-05-06T16:42:03.793Z] >>> [apiv2][query] GET https://firebase-public.firebaseio.com/cli.json [none]
[debug] [2023-05-06T16:42:03.840Z] > command requires scopes: ["email","openid","https://www.googleapis.com/auth/cloudplatformprojects.readonly","https://www.googleapis.com/auth/firebase","https://www.googleapis.com/auth/cloud-platform"]
[debug] [2023-05-06T16:42:03.841Z] > authorizing via signed-in user (dhirajgilda12@gmail.com)
[info] 
     ######## #### ########  ######## ########     ###     ######  ########
     ##        ##  ##     ## ##       ##     ##  ##   ##  ##       ##
     ######    ##  ########  ######   ########  #########  ######  ######
     ##        ##  ##    ##  ##       ##     ## ##     ##       ## ##
     ##       #### ##     ## ######## ########  ##     ##  ######  ########

You're about to initialize a Firebase project in this directory:

  E:\react-project\pozemon\pomozen\client

[debug] [2023-05-06T16:42:04.451Z] <<< [apiv2][status] GET https://firebase-public.firebaseio.com/cli.json 200
[debug] [2023-05-06T16:42:04.452Z] <<< [apiv2][body] GET https://firebase-public.firebaseio.com/cli.json {"cloudBuildErrorAfter":1594252800000,"cloudBuildWarnAfter":1590019200000,"defaultNode10After":1594252800000,"minVersion":"3.0.5","node8DeploysDisabledAfter":1613390400000,"node8RuntimeDisabledAfter":1615809600000,"node8WarnAfter":1600128000000}
[debug] [2023-05-06T16:42:48.679Z] ----------------------------------------------------------------------
[debug] [2023-05-06T16:42:48.682Z] Command:       C:\Program Files\nodejs\node.exe C:\Program Files\nodejs\node_modules\firebase-tools\lib\bin\firebase.js init
[debug] [2023-05-06T16:42:48.682Z] CLI Version:   11.30.0
[debug] [2023-05-06T16:42:48.683Z] Platform:      win32
[debug] [2023-05-06T16:42:48.683Z] Node Version:  v19.7.0
[debug] [2023-05-06T16:42:48.683Z] Time:          Sat May 06 2023 22:12:48 GMT+0530 (India Standard Time)
[debug] [2023-05-06T16:42:48.683Z] ----------------------------------------------------------------------
[debug] 
[debug] [2023-05-06T16:42:48.691Z] > command requires scopes: ["email","openid","https://www.googleapis.com/auth/cloudplatformprojects.readonly","https://www.googleapis.com/auth/firebase","https://www.googleapis.com/auth/cloud-platform"]
[debug] [2023-05-06T16:42:48.691Z] > authorizing via signed-in user (dhirajgilda12@gmail.com)
[info] 
     ######## #### ########  ######## ########     ###     ######  ########
     ##        ##  ##     ## ##       ##     ##  ##   ##  ##       ##
     ######    ##  ########  ######   ########  #########  ######  ######
     ##        ##  ##    ##  ##       ##     ## ##     ##       ## ##
     ##       #### ##     ## ######## ########  ##     ##  ######  ########

You're about to initialize a Firebase project in this directory:

  E:\react-project\pozemon\pomozen\client

